<?xml version="1.0" encoding="UTF-8"?>
<!-- Generated by org.testng.reporters.JUnitXMLReporter -->
<testsuite ignored="0" hostname="LAPTOP-LNOUB0U0" failures="0" tests="3" name="Default test" time="45.244" errors="0" timestamp="2023-08-19T15:29:33 IST">
  <testcase classname="com.prcticeparellel.Testing.ParellelTestingPro" name="verifyPageTitle" time="0.072"/>
  <testcase classname="com.prcticeparellel.Testing.ParellelTestingPro" name="verifyPageUrl" time="0.024"/>
  <testcase classname="com.prcticeparellel.Testing.ParellelTestingPro" name="verifyValidLoginWithDifferentUser" time="2.841"/>
</testsuite> <!-- Default test -->
